#
# A fatal error has been detected by the Java Runtime Environment:
#
#  EXCEPTION_ACCESS_VIOLATION (0xc0000005) at pc=0x5273ccb1, pid=6020, tid=4456
#
# JRE version: Java(TM) SE Runtime Environment (7.0_51-b13) (build 1.7.0_51-b13)
# Java VM: Java HotSpot(TM) Client VM (24.51-b03 mixed mode, sharing windows-x86 )
# Problematic frame:
# C  [awt.dll+0x1ccb1]
#
# Failed to write core dump. Minidumps are not enabled by default on client versions of Windows
#
# If you would like to submit a bug report, please visit:
#   http://bugreport.sun.com/bugreport/crash.jsp
# The crash happened outside the Java Virtual Machine in native code.
# See problematic frame for where to report the bug.
#

---------------  T H R E A D  ---------------

Current thread (0x04955000):  JavaThread "AWT-EventQueue-0" [_thread_in_native, id=4456, stack(0x05ad0000,0x05cd0000)]

siginfo: ExceptionCode=0xc0000005, reading address 0x000003f8

Registers:
EAX=0x000000fe, EBX=0x00000000, ECX=0x2353000c, EDX=0x00000000
ESP=0x05cce458, EBP=0x00004c66, ESI=0x05a70000, EDI=0x00000098
EIP=0x5273ccb1, EFLAGS=0x00010203

Top of Stack: (sp=0x05cce458)
0x05cce458:   52813910 04955130 05a6ee30 fffffff8
0x05cce468:   52721d94 00000000 00000000 00000098
0x05cce478:   0000023a 05cce53c 05cce4c0 52813910
0x05cce488:   05cce5dc 04955000 0000023a 05cce638
0x05cce498:   380b7048 04a52ac0 ffffffe2 07b714d8
0x05cce4a8:   00000000 00000008 00000008 0000001e
0x05cce4b8:   000000a0 00000258 00000008 0000001e
0x05cce4c8:   000000a0 00000258 05a6ee28 00000000 

Instructions: (pc=0x5273ccb1)
0x5273cc91:   00 00 6b c0 1d 6b ed 4d 03 d5 8d 84 02 80 00 00
0x5273cca1:   00 99 81 e2 ff 00 00 00 03 c2 c1 f8 08 0f b6 c0
0x5273ccb1:   8a 14 83 88 16 83 c1 04 46 4f 75 b3 03 4c 24 14
0x5273ccc1:   03 74 24 18 ff 4c 24 20 75 9b 5f 5e 5d 5b c3 8b 


Register to memory mapping:

EAX=0x000000fe is an unknown value
EBX=0x00000000 is an unknown value
ECX=0x2353000c is pointing into object: 0x23530000
[I 
 - klass: {type array int}
 - length: 86640
EDX=0x00000000 is an unknown value
ESP=0x05cce458 is pointing into the stack for thread: 0x04955000
EBP=0x00004c66 is an unknown value
ESI=0x05a70000 is an unknown value
EDI=0x00000098 is an unknown value


Stack: [0x05ad0000,0x05cd0000],  sp=0x05cce458,  free space=2041k
Native frames: (J=compiled Java code, j=interpreted, Vv=VM code, C=native code)
C  [awt.dll+0x1ccb1]

Java frames: (J=compiled Java code, j=interpreted, Vv=VM code)
J  sun.java2d.loops.Blit.Blit(Lsun/java2d/SurfaceData;Lsun/java2d/SurfaceData;Ljava/awt/Composite;Lsun/java2d/pipe/Region;IIIIII)V
j  sun.java2d.pipe.DrawImage.blitSurfaceData(Lsun/java2d/SunGraphics2D;Lsun/java2d/pipe/Region;Lsun/java2d/SurfaceData;Lsun/java2d/SurfaceData;Lsun/java2d/loops/SurfaceType;Lsun/java2d/loops/SurfaceType;IIIIIILjava/awt/Color;)V+97
j  sun.java2d.pipe.DrawImage.renderImageCopy(Lsun/java2d/SunGraphics2D;Ljava/awt/Image;Ljava/awt/Color;IIIIII)Z+77
j  sun.java2d.pipe.DrawImage.copyImage(Lsun/java2d/SunGraphics2D;Ljava/awt/Image;IILjava/awt/Color;)Z+45
j  sun.java2d.pipe.DrawImage.copyImage(Lsun/java2d/SunGraphics2D;Ljava/awt/Image;IILjava/awt/Color;Ljava/awt/image/ImageObserver;)Z+15
j  sun.java2d.pipe.ValidatePipe.copyImage(Lsun/java2d/SunGraphics2D;Ljava/awt/Image;IILjava/awt/Color;Ljava/awt/image/ImageObserver;)Z+21
j  sun.java2d.SunGraphics2D.drawImage(Ljava/awt/Image;IILjava/awt/Color;Ljava/awt/image/ImageObserver;)Z+65
j  sun.java2d.SunGraphics2D.drawImage(Ljava/awt/Image;IILjava/awt/image/ImageObserver;)Z+7
j  javax.swing.RepaintManager$PaintManager.paintDoubleBuffered(Ljavax/swing/JComponent;Ljava/awt/Image;Ljava/awt/Graphics;IIII)V+242
j  javax.swing.RepaintManager$PaintManager.paint(Ljavax/swing/JComponent;Ljavax/swing/JComponent;Ljava/awt/Graphics;IIII)Z+116
j  javax.swing.RepaintManager.paint(Ljavax/swing/JComponent;Ljavax/swing/JComponent;Ljava/awt/Graphics;IIII)V+52
j  javax.swing.JComponent.paint(Ljava/awt/Graphics;)V+221
j  java.awt.GraphicsCallback$PaintCallback.run(Ljava/awt/Component;Ljava/awt/Graphics;)V+2
j  sun.awt.SunGraphicsCallback.runOneComponent(Ljava/awt/Component;Ljava/awt/Rectangle;Ljava/awt/Graphics;Ljava/awt/Shape;I)V+155
j  sun.awt.SunGraphicsCallback.runComponents([Ljava/awt/Component;Ljava/awt/Graphics;I)V+194
j  java.awt.Container.paint(Ljava/awt/Graphics;)V+58
j  java.awt.Window.paint(Ljava/awt/Graphics;)V+68
j  javax.swing.RepaintManager$3.run()Ljava/lang/Void;+136
j  javax.swing.RepaintManager$3.run()Ljava/lang/Object;+1
v  ~StubRoutines::call_stub
J  java.security.AccessController.doPrivileged(Ljava/security/PrivilegedAction;Ljava/security/AccessControlContext;)Ljava/lang/Object;
J  java.security.ProtectionDomain$1.doIntersectionPrivilege(Ljava/security/PrivilegedAction;Ljava/security/AccessControlContext;Ljava/security/AccessControlContext;)Ljava/lang/Object;
j  javax.swing.RepaintManager.paintDirtyRegions(Ljava/util/Map;)V+154
j  javax.swing.RepaintManager.paintDirtyRegions()V+46
j  javax.swing.RepaintManager.prePaintDirtyRegions()V+73
j  javax.swing.RepaintManager.access$1100(Ljavax/swing/RepaintManager;)V+1
j  javax.swing.RepaintManager$ProcessingRunnable.run()V+37
J  java.awt.event.InvocationEvent.dispatch()V
J  java.awt.EventQueue.dispatchEventImpl(Ljava/awt/AWTEvent;Ljava/lang/Object;)V
J  java.awt.EventQueue$3.run()Ljava/lang/Object;
v  ~StubRoutines::call_stub
J  java.security.AccessController.doPrivileged(Ljava/security/PrivilegedAction;Ljava/security/AccessControlContext;)Ljava/lang/Object;
J  java.awt.EventQueue.dispatchEvent(Ljava/awt/AWTEvent;)V
J  java.awt.EventDispatchThread.pumpOneEventForFilters(I)V
J  java.awt.EventDispatchThread.pumpEventsForFilter(ILjava/awt/Conditional;Ljava/awt/EventFilter;)V
j  java.awt.EventDispatchThread.pumpEventsForHierarchy(ILjava/awt/Conditional;Ljava/awt/Component;)V+11
j  java.awt.EventDispatchThread.pumpEvents(ILjava/awt/Conditional;)V+4
j  java.awt.EventDispatchThread.pumpEvents(Ljava/awt/Conditional;)V+3
j  java.awt.EventDispatchThread.run()V+9
v  ~StubRoutines::call_stub

---------------  P R O C E S S  ---------------

Java Threads: ( => current thread )
  0x07903000 JavaThread "vm-event-handler" [_thread_blocked, id=920, stack(0x084f0000,0x086f0000)]
  0x07a18c00 JavaThread "BlueJ I/O Handler" [_thread_blocked, id=3072, stack(0x082f0000,0x084f0000)]
  0x07a28c00 JavaThread "BlueJ I/O Handler" [_thread_in_native, id=4420, stack(0x080f0000,0x082f0000)]
  0x04a69c00 JavaThread "BlueJ I/O Handler" [_thread_in_native, id=1384, stack(0x07cf0000,0x07ef0000)]
  0x07a91c00 JavaThread "JDI Target VM Interface" daemon [_thread_in_native, id=4352, stack(0x074f0000,0x076f0000)]
  0x07a83800 JavaThread "JDI Internal Event Handler" daemon [_thread_blocked, id=5920, stack(0x05ed0000,0x060d0000)]
  0x07a93800 JavaThread "TimerQueue" daemon [_thread_blocked, id=3544, stack(0x07ef0000,0x080f0000)]
=>0x04955000 JavaThread "AWT-EventQueue-0" [_thread_in_native, id=4456, stack(0x05ad0000,0x05cd0000)]
  0x04954400 JavaThread "AWT-Windows" daemon [_thread_in_native, id=4000, stack(0x056e0000,0x058e0000)]
  0x04938400 JavaThread "AWT-Shutdown" [_thread_blocked, id=2644, stack(0x054e0000,0x056e0000)]
  0x04934000 JavaThread "Java2D Disposer" daemon [_thread_blocked, id=5004, stack(0x051c0000,0x053c0000)]
  0x01716800 JavaThread "Service Thread" daemon [_thread_blocked, id=2156, stack(0x044d0000,0x046d0000)]
  0x01707000 JavaThread "C1 CompilerThread0" daemon [_thread_blocked, id=3496, stack(0x042d0000,0x044d0000)]
  0x01705c00 JavaThread "Attach Listener" daemon [_thread_blocked, id=6036, stack(0x040d0000,0x042d0000)]
  0x01702c00 JavaThread "Signal Dispatcher" daemon [_thread_blocked, id=5944, stack(0x03ed0000,0x040d0000)]
  0x0169b400 JavaThread "Finalizer" daemon [_thread_blocked, id=3640, stack(0x03cd0000,0x03ed0000)]
  0x01696400 JavaThread "Reference Handler" daemon [_thread_blocked, id=5792, stack(0x03ad0000,0x03cd0000)]
  0x01673800 JavaThread "main" [_thread_blocked, id=3336, stack(0x00030000,0x00230000)]

Other Threads:
  0x01694800 VMThread [stack: 0x038d0000,0x03ad0000] [id=1824]
  0x0171f800 WatcherThread [stack: 0x046d0000,0x048d0000] [id=5048]

VM state:not at safepoint (normal execution)

VM Mutex/Monitor currently owned by a thread: None

Heap
 def new generation   total 4928K, used 556K [0x23530000, 0x23a80000, 0x28a80000)
  eden space 4416K,  12% used [0x23530000, 0x235b60d0, 0x23980000)
  from space 512K,   3% used [0x23a00000, 0x23a05058, 0x23a80000)
  to   space 512K,   0% used [0x23980000, 0x23980000, 0x23a00000)
 tenured generation   total 10944K, used 9556K [0x28a80000, 0x29530000, 0x33530000)
   the space 10944K,  87% used [0x28a80000, 0x293d5048, 0x293d5200, 0x29530000)
 compacting perm gen  total 12288K, used 6544K [0x33530000, 0x34130000, 0x37530000)
   the space 12288K,  53% used [0x33530000, 0x33b94130, 0x33b94200, 0x34130000)
    ro space 10240K,  44% used [0x37530000, 0x379a7e30, 0x379a8000, 0x37f30000)
    rw space 12288K,  52% used [0x37f30000, 0x3857eb58, 0x3857ec00, 0x38b30000)

Card table byte_map: [0x03820000,0x038d0000] byte_map_base: 0x03705680

Polling page: 0x012a0000

Code Cache  [0x01820000, 0x019c8000, 0x03820000)
 total_blobs=1032 nmethods=790 adapters=178 free_code_cache=31099Kb largest_free_block=31845440

Compilation events (10 events):
Event: 10409.129 Thread 0x01707000  790             java.awt.event.InputEvent::getModifiers (8 bytes)
Event: 10409.129 Thread 0x01707000 nmethod 790 0x019c0608 code [0x019c0700, 0x019c0780]
Event: 10409.193 Thread 0x01707000  791             bluej.pkgmgr.target.Target::compareTo (9 bytes)
Event: 10409.193 Thread 0x01707000 nmethod 791 0x019c07c8 code [0x019c08d0, 0x019c098c]
Event: 10409.193 Thread 0x01707000  792             bluej.pkgmgr.target.Target::compareTo (74 bytes)
Event: 10409.205 Thread 0x01707000 nmethod 792 0x019c0a08 code [0x019c0b30, 0x019c0ce4]
Event: 10409.205 Thread 0x01707000  793             bluej.pkgmgr.target.Target::equals (26 bytes)
Event: 10409.223 Thread 0x01707000 nmethod 793 0x019c0f08 code [0x019c1010, 0x019c111c]
Event: 10719.057 Thread 0x01707000  794             java.awt.Point::<init> (15 bytes)
Event: 10719.057 Thread 0x01707000 nmethod 794 0x019c1208 code [0x019c1300, 0x019c1380]

GC Heap History (10 events):
Event: 9875.416 GC heap before
{Heap before GC invocations=52 (full 0):
 def new generation   total 4928K, used 4417K [0x23530000, 0x23a80000, 0x28a80000)
  eden space 4416K, 100% used [0x23530000, 0x23980000, 0x23980000)
  from space 512K,   0% used [0x23980000, 0x239804f8, 0x23a00000)
  to   space 512K,   0% used [0x23a00000, 0x23a00000, 0x23a80000)
 tenured generation   total 10944K, used 9556K [0x28a80000, 0x29530000, 0x33530000)
   the space 10944K,  87% used [0x28a80000, 0x293d5048, 0x293d5200, 0x29530000)
 compacting perm gen  total 12288K, used 6538K [0x33530000, 0x34130000, 0x37530000)
   the space 12288K,  53% used [0x33530000, 0x33b92b08, 0x33b92c00, 0x34130000)
    ro space 10240K,  44% used [0x37530000, 0x379a7e30, 0x379a8000, 0x37f30000)
    rw space 12288K,  52% used [0x37f30000, 0x3857eb58, 0x3857ec00, 0x38b30000)
Event: 9875.417 GC heap after
Heap after GC invocations=53 (full 0):
 def new generation   total 4928K, used 1K [0x23530000, 0x23a80000, 0x28a80000)
  eden space 4416K,   0% used [0x23530000, 0x23530000, 0x23980000)
  from space 512K,   0% used [0x23a00000, 0x23a00528, 0x23a80000)
  to   space 512K,   0% used [0x23980000, 0x23980000, 0x23a00000)
 tenured generation   total 10944K, used 9556K [0x28a80000, 0x29530000, 0x33530000)
   the space 10944K,  87% used [0x28a80000, 0x293d5048, 0x293d5200, 0x29530000)
 compacting perm gen  total 12288K, used 6538K [0x33530000, 0x34130000, 0x37530000)
   the space 12288K,  53% used [0x33530000, 0x33b92b08, 0x33b92c00, 0x34130000)
    ro space 10240K,  44% used [0x37530000, 0x379a7e30, 0x379a8000, 0x37f30000)
    rw space 12288K,  52% used [0x37f30000, 0x3857eb58, 0x3857ec00, 0x38b30000)
}
Event: 10097.332 GC heap before
{Heap before GC invocations=53 (full 0):
 def new generation   total 4928K, used 4417K [0x23530000, 0x23a80000, 0x28a80000)
  eden space 4416K, 100% used [0x23530000, 0x23980000, 0x23980000)
  from space 512K,   0% used [0x23a00000, 0x23a00528, 0x23a80000)
  to   space 512K,   0% used [0x23980000, 0x23980000, 0x23a00000)
 tenured generation   total 10944K, used 9556K [0x28a80000, 0x29530000, 0x33530000)
   the space 10944K,  87% used [0x28a80000, 0x293d5048, 0x293d5200, 0x29530000)
 compacting perm gen  total 12288K, used 6538K [0x33530000, 0x34130000, 0x37530000)
   the space 12288K,  53% used [0x33530000, 0x33b92b08, 0x33b92c00, 0x34130000)
    ro space 10240K,  44% used [0x37530000, 0x379a7e30, 0x379a8000, 0x37f30000)
    rw space 12288K,  52% used [0x37f30000, 0x3857eb58, 0x3857ec00, 0x38b30000)
Event: 10097.333 GC heap after
Heap after GC invocations=54 (full 0):
 def new generation   total 4928K, used 1K [0x23530000, 0x23a80000, 0x28a80000)
  eden space 4416K,   0% used [0x23530000, 0x23530000, 0x23980000)
  from space 512K,   0% used [0x23980000, 0x239804b0, 0x23a00000)
  to   space 512K,   0% used [0x23a00000, 0x23a00000, 0x23a80000)
 tenured generation   total 10944K, used 9556K [0x28a80000, 0x29530000, 0x33530000)
   the space 10944K,  87% used [0x28a80000, 0x293d5048, 0x293d5200, 0x29530000)
 compacting perm gen  total 12288K, used 6538K [0x33530000, 0x34130000, 0x37530000)
   the space 12288K,  53% used [0x33530000, 0x33b92b08, 0x33b92c00, 0x34130000)
    ro space 10240K,  44% used [0x37530000, 0x379a7e30, 0x379a8000, 0x37f30000)
    rw space 12288K,  52% used [0x37f30000, 0x3857eb58, 0x3857ec00, 0x38b30000)
}
Event: 10319.238 GC heap before
{Heap before GC invocations=54 (full 0):
 def new generation   total 4928K, used 4417K [0x23530000, 0x23a80000, 0x28a80000)
  eden space 4416K, 100% used [0x23530000, 0x23980000, 0x23980000)
  from space 512K,   0% used [0x23980000, 0x239804b0, 0x23a00000)
  to   space 512K,   0% used [0x23a00000, 0x23a00000, 0x23a80000)
 tenured generation   total 10944K, used 9556K [0x28a80000, 0x29530000, 0x33530000)
   the space 10944K,  87% used [0x28a80000, 0x293d5048, 0x293d5200, 0x29530000)
 compacting perm gen  total 12288K, used 6538K [0x33530000, 0x34130000, 0x37530000)
   the space 12288K,  53% used [0x33530000, 0x33b92b08, 0x33b92c00, 0x34130000)
    ro space 10240K,  44% used [0x37530000, 0x379a7e30, 0x379a8000, 0x37f30000)
    rw space 12288K,  52% used [0x37f30000, 0x3857eb58, 0x3857ec00, 0x38b30000)
Event: 10319.239 GC heap after
Heap after GC invocations=55 (full 0):
 def new generation   total 4928K, used 1K [0x23530000, 0x23a80000, 0x28a80000)
  eden space 4416K,   0% used [0x23530000, 0x23530000, 0x23980000)
  from space 512K,   0% used [0x23a00000, 0x23a00448, 0x23a80000)
  to   space 512K,   0% used [0x23980000, 0x23980000, 0x23a00000)
 tenured generation   total 10944K, used 9556K [0x28a80000, 0x29530000, 0x33530000)
   the space 10944K,  87% used [0x28a80000, 0x293d5048, 0x293d5200, 0x29530000)
 compacting perm gen  total 12288K, used 6538K [0x33530000, 0x34130000, 0x37530000)
   the space 12288K,  53% used [0x33530000, 0x33b92b08, 0x33b92c00, 0x34130000)
    ro space 10240K,  44% used [0x37530000, 0x379a7e30, 0x379a8000, 0x37f30000)
    rw space 12288K,  52% used [0x37f30000, 0x3857eb58, 0x3857ec00, 0x38b30000)
}
Event: 10534.438 GC heap before
{Heap before GC invocations=55 (full 0):
 def new generation   total 4928K, used 4417K [0x23530000, 0x23a80000, 0x28a80000)
  eden space 4416K, 100% used [0x23530000, 0x23980000, 0x23980000)
  from space 512K,   0% used [0x23a00000, 0x23a00448, 0x23a80000)
  to   space 512K,   0% used [0x23980000, 0x23980000, 0x23a00000)
 tenured generation   total 10944K, used 9556K [0x28a80000, 0x29530000, 0x33530000)
   the space 10944K,  87% used [0x28a80000, 0x293d5048, 0x293d5200, 0x29530000)
 compacting perm gen  total 12288K, used 6538K [0x33530000, 0x34130000, 0x37530000)
   the space 12288K,  53% used [0x33530000, 0x33b92b28, 0x33b92c00, 0x34130000)
    ro space 10240K,  44% used [0x37530000, 0x379a7e30, 0x379a8000, 0x37f30000)
    rw space 12288K,  52% used [0x37f30000, 0x3857eb58, 0x3857ec00, 0x38b30000)
Event: 10534.447 GC heap after
Heap after GC invocations=56 (full 0):
 def new generation   total 4928K, used 1K [0x23530000, 0x23a80000, 0x28a80000)
  eden space 4416K,   0% used [0x23530000, 0x23530000, 0x23980000)
  from space 512K,   0% used [0x23980000, 0x23980560, 0x23a00000)
  to   space 512K,   0% used [0x23a00000, 0x23a00000, 0x23a80000)
 tenured generation   total 10944K, used 9556K [0x28a80000, 0x29530000, 0x33530000)
   the space 10944K,  87% used [0x28a80000, 0x293d5048, 0x293d5200, 0x29530000)
 compacting perm gen  total 12288K, used 6538K [0x33530000, 0x34130000, 0x37530000)
   the space 12288K,  53% used [0x33530000, 0x33b92b28, 0x33b92c00, 0x34130000)
    ro space 10240K,  44% used [0x37530000, 0x379a7e30, 0x379a8000, 0x37f30000)
    rw space 12288K,  52% used [0x37f30000, 0x3857eb58, 0x3857ec00, 0x38b30000)
}
Event: 10754.468 GC heap before
{Heap before GC invocations=56 (full 0):
 def new generation   total 4928K, used 4352K [0x23530000, 0x23a80000, 0x28a80000)
  eden space 4416K,  98% used [0x23530000, 0x2396fbe8, 0x23980000)
  from space 512K,   0% used [0x23980000, 0x23980560, 0x23a00000)
  to   space 512K,   0% used [0x23a00000, 0x23a00000, 0x23a80000)
 tenured generation   total 10944K, used 9556K [0x28a80000, 0x29530000, 0x33530000)
   the space 10944K,  87% used [0x28a80000, 0x293d5048, 0x293d5200, 0x29530000)
 compacting perm gen  total 12288K, used 6544K [0x33530000, 0x34130000, 0x37530000)
   the space 12288K,  53% used [0x33530000, 0x33b94130, 0x33b94200, 0x34130000)
    ro space 10240K,  44% used [0x37530000, 0x379a7e30, 0x379a8000, 0x37f30000)
    rw space 12288K,  52% used [0x37f30000, 0x3857eb58, 0x3857ec00, 0x38b30000)
Event: 10754.721 GC heap after
Heap after GC invocations=57 (full 0):
 def new generation   total 4928K, used 20K [0x23530000, 0x23a80000, 0x28a80000)
  eden space 4416K,   0% used [0x23530000, 0x23530000, 0x23980000)
  from space 512K,   3% used [0x23a00000, 0x23a05058, 0x23a80000)
  to   space 512K,   0% used [0x23980000, 0x23980000, 0x23a00000)
 tenured generation   total 10944K, used 9556K [0x28a80000, 0x29530000, 0x33530000)
   the space 10944K,  87% used [0x28a80000, 0x293d5048, 0x293d5200, 0x29530000)
 compacting perm gen  total 12288K, used 6544K [0x33530000, 0x34130000, 0x37530000)
   the space 12288K,  53% used [0x33530000, 0x33b94130, 0x33b94200, 0x34130000)
    ro space 10240K,  44% used [0x37530000, 0x379a7e30, 0x379a8000, 0x37f30000)
    rw space 12288K,  52% used [0x37f30000, 0x3857eb58, 0x3857ec00, 0x38b30000)
}

Deoptimization events (0 events):
No events

Internal exceptions (10 events):
Event: 20.653 Thread 0x04955000 Threw 0x2393b448 at C:\re\jdk7u51\527\hotspot\src\share\vm\prims\jvm.cpp:1244
Event: 20.653 Thread 0x04955000 Threw 0x2393ba30 at C:\re\jdk7u51\527\hotspot\src\share\vm\prims\jvm.cpp:1244
Event: 20.656 Thread 0x04955000 Threw 0x23944518 at C:\re\jdk7u51\527\hotspot\src\share\vm\prims\jvm.cpp:1244
Event: 20.656 Thread 0x04955000 Threw 0x23944a80 at C:\re\jdk7u51\527\hotspot\src\share\vm\prims\jvm.cpp:1244
Event: 20.658 Thread 0x04955000 Threw 0x23946918 at C:\re\jdk7u51\527\hotspot\src\share\vm\prims\jvm.cpp:1244
Event: 20.658 Thread 0x04955000 Threw 0x23946ea8 at C:\re\jdk7u51\527\hotspot\src\share\vm\prims\jvm.cpp:1244
Event: 7490.256 Thread 0x07904000 Threw 0x2368a8c0 at C:\re\jdk7u51\527\hotspot\src\share\vm\prims\jvm.cpp:2917
Event: 7490.256 Thread 0x07905c00 Threw 0x236abae8 at C:\re\jdk7u51\527\hotspot\src\share\vm\prims\jvm.cpp:2917
Event: 7490.256 Thread 0x07906400 Threw 0x236a0a30 at C:\re\jdk7u51\527\hotspot\src\share\vm\prims\jvm.cpp:2917
Event: 7490.256 Thread 0x07906c00 Threw 0x23695978 at C:\re\jdk7u51\527\hotspot\src\share\vm\prims\jvm.cpp:2917

Events (10 events):
Event: 10749.990 loading class 0x38ba1b38
Event: 10751.466 loading class 0x38ba1b38 done
Event: 10751.588 loading class 0x38ba1b08
Event: 10751.588 loading class 0x38ba1b08 done
Event: 10752.394 Thread 0x07906c00 Thread added: 0x07906c00
Event: 10752.404 Thread 0x07906c00 Thread exited: 0x07906c00
Event: 10753.279 loading class 0x38c00e18
Event: 10753.455 loading class 0x38c00e18 done
Event: 10754.316 Executing VM operation: GenCollectForAllocation
Event: 10754.721 Executing VM operation: GenCollectForAllocation done


Dynamic libraries:
0x00400000 - 0x00494000 	C:\Program Files\BlueJ\BlueJ.exe
0x774b0000 - 0x775f1000 	C:\Windows\SYSTEM32\ntdll.dll
0x76350000 - 0x76424000 	C:\Windows\system32\kernel32.dll
0x74850000 - 0x7489b000 	C:\Windows\system32\KERNELBASE.dll
0x76430000 - 0x764d1000 	C:\Windows\system32\ADVAPI32.DLL
0x75da0000 - 0x75e4c000 	C:\Windows\system32\msvcrt.dll
0x74d50000 - 0x74d69000 	C:\Windows\SYSTEM32\sechost.dll
0x74ca0000 - 0x74d42000 	C:\Windows\system32\RPCRT4.dll
0x764e0000 - 0x7655b000 	C:\Windows\system32\COMDLG32.DLL
0x76630000 - 0x76687000 	C:\Windows\system32\SHLWAPI.dll
0x74c50000 - 0x74c9e000 	C:\Windows\system32\GDI32.dll
0x74ed0000 - 0x74f99000 	C:\Windows\system32\USER32.dll
0x77600000 - 0x7760a000 	C:\Windows\system32\LPK.dll
0x74d70000 - 0x74e0d000 	C:\Windows\system32\USP10.dll
0x69520000 - 0x695a4000 	C:\Windows\WinSxS\x86_microsoft.windows.common-controls_6595b64144ccf1df_5.82.7601.18837_none_ec86b8d6858ec0bc\COMCTL32.dll
0x75100000 - 0x75d4b000 	C:\Windows\system32\SHELL32.dll
0x73b30000 - 0x73b39000 	C:\Windows\system32\VERSION.dll
0x75e50000 - 0x75e6f000 	C:\Windows\system32\IMM32.DLL
0x76560000 - 0x7662c000 	C:\Windows\system32\MSCTF.dll
0x6bd20000 - 0x6bd97000 	C:\Program Files\AVG\AVG2015\avghookx.dll
0x51910000 - 0x51c90000 	C:\Program Files\Java\jdk1.7.0_51\jre\bin\client\jvm.dll
0x70710000 - 0x70717000 	C:\Windows\system32\WSOCK32.dll
0x76310000 - 0x76345000 	C:\Windows\system32\WS2_32.dll
0x74a10000 - 0x74a16000 	C:\Windows\system32\NSI.dll
0x729e0000 - 0x72a12000 	C:\Windows\system32\WINMM.dll
0x762a0000 - 0x762a5000 	C:\Windows\system32\PSAPI.DLL
0x53770000 - 0x5382f000 	C:\Program Files\Java\jdk1.7.0_51\jre\bin\MSVCR100.dll
0x710d0000 - 0x710dc000 	C:\Program Files\Java\jdk1.7.0_51\jre\bin\verify.dll
0x69370000 - 0x69390000 	C:\Program Files\Java\jdk1.7.0_51\jre\bin\java.dll
0x68c80000 - 0x68c93000 	C:\Program Files\Java\jdk1.7.0_51\jre\bin\zip.dll
0x52720000 - 0x52863000 	C:\Program Files\Java\jdk1.7.0_51\jre\bin\awt.dll
0x74a20000 - 0x74aaf000 	C:\Windows\system32\OLEAUT32.dll
0x748b0000 - 0x74a0c000 	C:\Windows\system32\ole32.dll
0x73f90000 - 0x73fa7000 	C:\Windows\system32\CRYPTSP.dll
0x73d30000 - 0x73d6b000 	C:\Windows\system32\rsaenh.dll
0x74770000 - 0x74787000 	C:\Windows\system32\USERENV.dll
0x74580000 - 0x7458b000 	C:\Windows\system32\profapi.dll
0x74470000 - 0x7447c000 	C:\Windows\system32\CRYPTBASE.dll
0x68b90000 - 0x68ba4000 	C:\Program Files\Java\jdk1.7.0_51\jre\bin\net.dll
0x73f50000 - 0x73f8c000 	C:\Windows\system32\mswsock.dll
0x73f40000 - 0x73f46000 	C:\Windows\System32\wship6.dll
0x72840000 - 0x72850000 	C:\Windows\system32\NLAapi.dll
0x69c50000 - 0x69c60000 	C:\Windows\system32\napinsp.dll
0x69c10000 - 0x69c22000 	C:\Windows\system32\pnrpnsp.dll
0x73e10000 - 0x73e54000 	C:\Windows\system32\DNSAPI.dll
0x69c00000 - 0x69c08000 	C:\Windows\System32\winrnr.dll
0x73ab0000 - 0x73ab5000 	C:\Windows\System32\wshtcpip.dll
0x72650000 - 0x7266c000 	C:\Windows\system32\IPHLPAPI.DLL
0x72640000 - 0x72647000 	C:\Windows\system32\WINNSI.DLL
0x6bd10000 - 0x6bd16000 	C:\Windows\system32\rasadhlp.dll
0x724b0000 - 0x724e8000 	C:\Windows\System32\fwpuclnt.dll
0x6ac90000 - 0x6ac9f000 	C:\Program Files\Java\jdk1.7.0_51\jre\bin\nio.dll
0x68b60000 - 0x68b85000 	C:\Program Files\Java\jdk1.7.0_51\jre\bin\jpeg.dll
0x65b90000 - 0x65bbd000 	C:\Program Files\Java\jdk1.7.0_51\jre\bin\kcms.dll
0x73310000 - 0x73350000 	C:\Windows\system32\uxtheme.dll
0x72fa0000 - 0x72fb3000 	C:\Windows\system32\dwmapi.dll
0x57bf0000 - 0x57c29000 	C:\Program Files\Java\jdk1.7.0_51\jre\bin\fontmanager.dll
0x65b30000 - 0x65b60000 	C:\Program Files\Java\jdk1.7.0_51\jre\bin\t2k.dll
0x74e10000 - 0x74e93000 	C:\Windows\system32\CLBCatQ.DLL
0x73490000 - 0x7362e000 	C:\Windows\WinSxS\x86_microsoft.windows.common-controls_6595b64144ccf1df_6.0.7601.18837_none_41e855142bd5705d\comctl32.dll
0x72db0000 - 0x72ee1000 	C:\Windows\system32\WindowsCodecs.dll
0x74420000 - 0x7446c000 	C:\Windows\system32\apphelp.dll
0x64780000 - 0x6482e000 	C:\Program Files\AVAST Software\Avast\ashShell.dll
0x73180000 - 0x73310000 	C:\Windows\WinSxS\x86_microsoft.windows.gdiplus_6595b64144ccf1df_1.1.7601.18946_none_72d45ee78666ea32\gdiplus.dll
0x6b1f0000 - 0x6b435000 	C:\Windows\system32\msi.dll
0x64740000 - 0x64771000 	C:\Windows\system32\EhStorShell.dll
0x74ab0000 - 0x74c4d000 	C:\Windows\system32\SETUPAPI.dll
0x74740000 - 0x74767000 	C:\Windows\system32\CFGMGR32.dll
0x746f0000 - 0x74702000 	C:\Windows\system32\DEVOBJ.dll
0x73350000 - 0x73445000 	C:\Windows\system32\PROPSYS.dll
0x70040000 - 0x70047000 	C:\Program Files\Internet Download Manager\IDMShellExt.dll
0x646d0000 - 0x64740000 	C:\Windows\system32\ntshrui.dll
0x741a0000 - 0x741b9000 	C:\Windows\system32\srvcli.dll
0x6afd0000 - 0x6afdb000 	C:\Windows\system32\cscapi.dll
0x72780000 - 0x7278a000 	C:\Windows\system32\slc.dll
0x65790000 - 0x657b0000 	C:\Program Files\Java\jdk1.7.0_51\jre\bin\sunec.dll
0x696d0000 - 0x696d9000 	C:\Program Files\Java\jdk1.7.0_51\jre\bin\sunmscapi.dll
0x745b0000 - 0x746d1000 	C:\Windows\system32\CRYPT32.dll
0x74590000 - 0x7459c000 	C:\Windows\system32\MSASN1.dll
0x690e0000 - 0x690e9000 	C:\Program Files\Java\jdk1.7.0_51\jre\bin\dt_shmem.dll
0x68c70000 - 0x68c7a000 	C:\Program Files\Java\jdk1.7.0_51\jre\bin\management.dll
0x6b6d0000 - 0x6b7bb000 	C:\Windows\system32\dbghelp.dll

VM Arguments:
java_command: <unknown>
Launcher Type: generic

Environment Variables:
PATH=C:\Windows\system32;C:\Windows;C:\Windows\System32\Wbem;C:\Windows\System32\WindowsPowerShell\v1.0\
USERNAME=Toshiba
OS=Windows_NT
PROCESSOR_IDENTIFIER=x86 Family 6 Model 22 Stepping 1, GenuineIntel



---------------  S Y S T E M  ---------------

OS: Windows 7 Build 7601 Service Pack 1

CPU:total 1 (1 cores per cpu, 1 threads per core) family 6 model 22 stepping 1, cmov, cx8, fxsr, mmx, sse, sse2, sse3, ssse3, tsc

Memory: 4k page, physical 2086880k(1008664k free), swap 4173760k(2083396k free)

vm_info: Java HotSpot(TM) Client VM (24.51-b03) for windows-x86 JRE (1.7.0_51-b13), built on Dec 18 2013 19:09:58 by "java_re" with unknown MS VC++:1600

time: Sun Oct 11 16:45:55 2015
elapsed time: 10758 seconds

